<?xml version="1.0" encoding="UTF-8"?>
<!-- Generated by org.testng.reporters.JUnitXMLReporter -->
<testsuite ignored="0" hostname="rajhansji" failures="1" tests="1" name="Default test(failed)" time="21.936" errors="0" timestamp="2022-12-27T10:45:14 IST">
  <testcase classname="com.actitime.testscript.DemoAssertion" name="verifyTitle" time="21.9">
    <failure type="java.lang.AssertionError" message="The following asserts failed:
	expected [Google] but found [Soogle]">
      <![CDATA[java.lang.AssertionError: The following asserts failed:
expected [Google] but found [Soogle]
at com.actitime.testscript.DemoAssertion.verifyTitle(DemoAssertion.java:21)
at java.base/java.util.ArrayList.forEach(ArrayList.java:1511)
... Removed 27 stack frames]]>
    </failure>
  </testcase> <!-- verifyTitle -->
</testsuite> <!-- Default test(failed) -->
